<?xml version="1.0" encoding="UTF-8"?>
<testng-results skipped="0" failed="0" ignored="1" total="2" passed="1">
  <reporter-output>
  </reporter-output>
  <suite name="Sample Test" duration-ms="14056" started-at="2018-11-20T09:29:46Z" finished-at="2018-11-20T09:30:00Z">
    <groups>
    </groups>
    <test name="Sample Test1" duration-ms="14056" started-at="2018-11-20T09:29:46Z" finished-at="2018-11-20T09:30:00Z">
      <class name="com.rioliu.test.WebDriverTest">
        <test-method status="PASS" signature="beforeTest()[pri:0, instance:[WebDriverTest passed=0 failed=0 skipped=0]]" name="beforeTest" is-config="true" duration-ms="8" started-at="2018-11-20T09:29:46Z" finished-at="2018-11-20T09:29:46Z">
          <reporter-output>
          </reporter-output>
        </test-method> <!-- beforeTest -->
        <test-method status="PASS" signature="testPageObject()[pri:0, instance:[WebDriverTest passed=0 failed=0 skipped=0]]" name="testPageObject" duration-ms="13905" started-at="2018-11-20T09:29:46Z" finished-at="2018-11-20T09:30:00Z">
          <reporter-output>
          </reporter-output>
        </test-method> <!-- testPageObject -->
      </class> <!-- com.rioliu.test.WebDriverTest -->
    </test> <!-- Sample Test1 -->
  </suite> <!-- Sample Test -->
</testng-results>
