<?xml version="1.0" encoding="UTF-8"?>
<!-- Generated by org.testng.reporters.JUnitXMLReporter -->
<testsuite hostname="xiaozliu-mac" ignored="1" name="Sample Test1" tests="1" failures="0" timestamp="20 Nov 2018 09:30:00 GMT" time="14.056" errors="0">
  <testcase name="testPageObject on [WebDriverTest passed=0 failed=0 skipped=0]" time="13.905" classname="com.rioliu.test.WebDriverTest"/>
  <testcase name="testWebDriver" time="0.0" classname="com.rioliu.test.WebDriverTest">
    <ignored/>
  </testcase> <!-- testWebDriver -->
</testsuite> <!-- Sample Test1 -->
