<?xml version="1.0" encoding="UTF-8"?>
<!-- Generated by org.testng.reporters.JUnitXMLReporter -->
<testsuite hostname="xiaozliu-mac" ignored="0" name="Sample Test2" tests="2" failures="0" timestamp="14 Nov 2018 13:25:15 GMT" time="7.255" errors="0">
  <testcase name="testPublicAPI1 on [RESTfulAPITest passed=0 failed=0 skipped=0]" time="3.421" classname="com.rioliu.test.RESTfulAPITest"/>
  <testcase name="testPublicAPI2 on [RESTfulAPITest passed=0 failed=0 skipped=0]" time="3.344" classname="com.rioliu.test.RESTfulAPITest"/>
</testsuite> <!-- Sample Test2 -->
